Unity Editor version:    2022.3.5f1 (9674261d40ee)
Branch:                  2022.3/release
Build type:              Release
Batch mode:              YES
macOS version:           Version 12.3.1 (Build 21E258)
Darwin version:          21.4.0
Architecture:            x86_64
Running under Rosetta:   NO
Available memory:        16384 MB
Using pre-set license
Pro License: YES

COMMAND LINE ARGUMENTS:
/Users/mattrussell/Documents/Unity/2022.3.5f1/Unity.app/Contents/MacOS/Unity
-adb2
-batchMode
-noUpm
-name
AssetImportWorker1
-projectPath
/Users/mattrussell/Documents/GitHub/AvoidDad2
-logFile
Logs/AssetImportWorker1.log
-srvPort
54589
Successfully changed project path to: /Users/mattrussell/Documents/GitHub/AvoidDad2
/Users/mattrussell/Documents/GitHub/AvoidDad2
[UnityMemory] Configuration Parameters - Can be set up in boot.config
    "memorysetup-bucket-allocator-granularity=16"
    "memorysetup-bucket-allocator-bucket-count=8"
    "memorysetup-bucket-allocator-block-size=33554432"
    "memorysetup-bucket-allocator-block-count=8"
    "memorysetup-main-allocator-block-size=16777216"
    "memorysetup-thread-allocator-block-size=16777216"
    "memorysetup-gfx-main-allocator-block-size=16777216"
    "memorysetup-gfx-thread-allocator-block-size=16777216"
    "memorysetup-cache-allocator-block-size=4194304"
    "memorysetup-typetree-allocator-block-size=2097152"
    "memorysetup-profiler-bucket-allocator-granularity=16"
    "memorysetup-profiler-bucket-allocator-bucket-count=8"
    "memorysetup-profiler-bucket-allocator-block-size=33554432"
    "memorysetup-profiler-bucket-allocator-block-count=8"
    "memorysetup-profiler-allocator-block-size=16777216"
    "memorysetup-profiler-editor-allocator-block-size=1048576"
    "memorysetup-temp-allocator-size-main=16777216"
    "memorysetup-job-temp-allocator-block-size=2097152"
    "memorysetup-job-temp-allocator-block-size-background=1048576"
    "memorysetup-job-temp-allocator-reduction-small-platforms=262144"
    "memorysetup-allocator-temp-initial-block-size-main=262144"
    "memorysetup-allocator-temp-initial-block-size-worker=262144"
    "memorysetup-temp-allocator-size-background-worker=32768"
    "memorysetup-temp-allocator-size-job-worker=262144"
    "memorysetup-temp-allocator-size-preload-manager=33554432"
    "memorysetup-temp-allocator-size-nav-mesh-worker=65536"
    "memorysetup-temp-allocator-size-audio-worker=65536"
    "memorysetup-temp-allocator-size-cloud-worker=32768"
    "memorysetup-temp-allocator-size-gi-baking-worker=262144"
    "memorysetup-temp-allocator-size-gfx=262144"
Player connection [4793845248] Host "[IP] 192.168.86.57 [Port] 0 [Flags] 2 [Guid] 375104923 [EditorId] 375104923 [Version] 1048832 [Id] OSXEditor(0,matts-mbp.lan) [Debug] 1 [PackageName] OSXEditor [ProjectName] Editor" joined multi-casting on [225.0.0.222:54997]...

Player connection [4793845248] Host "[IP] 192.168.86.57 [Port] 0 [Flags] 2 [Guid] 375104923 [EditorId] 375104923 [Version] 1048832 [Id] OSXEditor(0,matts-mbp.lan) [Debug] 1 [PackageName] OSXEditor [ProjectName] Editor" joined alternative multi-casting on [225.0.0.222:34997]...

Refreshing native plugins compatible for Editor in 6.26 ms, found 2 plugins.
Preloading 0 native plugins for Editor in 0.00 ms.
Initialize engine version: 2022.3.5f1 (9674261d40ee)
[Subsystems] Discovering subsystems at path /Users/mattrussell/Documents/Unity/2022.3.5f1/Unity.app/Contents/Resources/UnitySubsystems
[Subsystems] Discovering subsystems at path /Users/mattrussell/Documents/GitHub/AvoidDad2/Assets
GfxDevice: creating device client; threaded=0; jobified=0
Color LCD preferred device: AMD Radeon Pro 5500M (high power)
Metal devices available: 2
0: AMD Radeon Pro 5500M (high power)
1: Intel(R) UHD Graphics 630 (low power)
Using device AMD Radeon Pro 5500M (high power)
Initializing Metal device caps: AMD Radeon Pro 5500M
Shader 'TextMeshPro/Distance Field Overlay': fallback shader 'TextMeshPro/Mobile/Distance Field' not found
Shader 'TextMeshPro/Distance Field SSD': fallback shader 'TextMeshPro/Mobile/Distance Field' not found
Shader 'TextMeshPro/Distance Field': fallback shader 'TextMeshPro/Mobile/Distance Field' not found
Initialize mono
Mono path[0] = '/Users/mattrussell/Documents/Unity/2022.3.5f1/Unity.app/Contents/Managed'
Mono path[1] = '/Users/mattrussell/Documents/Unity/2022.3.5f1/Unity.app/Contents/MonoBleedingEdge/lib/mono/unityjit-macos'
Mono config path = '/Users/mattrussell/Documents/Unity/2022.3.5f1/Unity.app/Contents/MonoBleedingEdge/etc'
Using monoOptions --debugger-agent=transport=dt_socket,embedding=1,server=y,suspend=n,address=127.0.0.1:56755
Begin MonoManager ReloadAssembly
Registering precompiled unity dll's ...
Register platform support module: /Users/mattrussell/Documents/Unity/2022.3.5f1/Unity.app/Contents/PlaybackEngines/MacStandaloneSupport/UnityEditor.OSXStandalone.Extensions.dll
Registered in 0.001829 seconds.
- Loaded All Assemblies, in  0.536 seconds
Native extension for OSXStandalone target not found
Mono: successfully reloaded assembly
- Finished resetting the current domain, in  0.436 seconds
Domain Reload Profiling: 972ms
	BeginReloadAssembly (112ms)
		ExecutionOrderSort (0ms)
		DisableScriptedObjects (0ms)
		BackupInstance (0ms)
		ReleaseScriptingObjects (0ms)
		CreateAndSetChildDomain (1ms)
	RebuildCommonClasses (65ms)
	RebuildNativeTypeToScriptingClass (24ms)
	initialDomainReloadingComplete (77ms)
	LoadAllAssembliesAndSetupDomain (258ms)
		LoadAssemblies (111ms)
		RebuildTransferFunctionScriptingTraits (0ms)
		AnalyzeDomain (256ms)
			TypeCache.Refresh (254ms)
				TypeCache.ScanAssembly (237ms)
			ScanForSourceGeneratedMonoScriptInfo (1ms)
			ResolveRequiredComponents (1ms)
	FinalizeReload (436ms)
		ReleaseScriptCaches (0ms)
		RebuildScriptCaches (0ms)
		SetupLoadedEditorAssemblies (336ms)
			LogAssemblyErrors (0ms)
			InitializePlatformSupportModulesInManaged (10ms)
			SetLoadedEditorAssemblies (11ms)
			RefreshPlugins (0ms)
			BeforeProcessingInitializeOnLoad (4ms)
			ProcessInitializeOnLoadAttributes (231ms)
			ProcessInitializeOnLoadMethodAttributes (79ms)
			AfterProcessingInitializeOnLoad (0ms)
			EditorAssembliesLoaded (0ms)
		ExecutionOrderSort2 (0ms)
		AwakeInstancesAfterBackupRestoration (0ms)
========================================================================
Worker process is ready to serve import requests
Begin MonoManager ReloadAssembly
Symbol file LoadedFromMemory is not a mono symbol file
- Loaded All Assemblies, in  1.416 seconds
Refreshing native plugins compatible for Editor in 2.36 ms, found 2 plugins.
Native extension for OSXStandalone target not found
Mono: successfully reloaded assembly
- Finished resetting the current domain, in  1.087 seconds
Domain Reload Profiling: 2504ms
	BeginReloadAssembly (204ms)
		ExecutionOrderSort (0ms)
		DisableScriptedObjects (8ms)
		BackupInstance (0ms)
		ReleaseScriptingObjects (0ms)
		CreateAndSetChildDomain (48ms)
	RebuildCommonClasses (66ms)
	RebuildNativeTypeToScriptingClass (25ms)
	initialDomainReloadingComplete (69ms)
	LoadAllAssembliesAndSetupDomain (1051ms)
		LoadAssemblies (490ms)
		RebuildTransferFunctionScriptingTraits (0ms)
		AnalyzeDomain (646ms)
			TypeCache.Refresh (571ms)
				TypeCache.ScanAssembly (542ms)
			ScanForSourceGeneratedMonoScriptInfo (66ms)
			ResolveRequiredComponents (9ms)
	FinalizeReload (1088ms)
		ReleaseScriptCaches (0ms)
		RebuildScriptCaches (0ms)
		SetupLoadedEditorAssemblies (802ms)
			LogAssemblyErrors (0ms)
			InitializePlatformSupportModulesInManaged (6ms)
			SetLoadedEditorAssemblies (6ms)
			RefreshPlugins (0ms)
			BeforeProcessingInitializeOnLoad (114ms)
			ProcessInitializeOnLoadAttributes (537ms)
			ProcessInitializeOnLoadMethodAttributes (138ms)
			AfterProcessingInitializeOnLoad (1ms)
			EditorAssembliesLoaded (0ms)
		ExecutionOrderSort2 (0ms)
		AwakeInstancesAfterBackupRestoration (6ms)
Launching external process: /Users/mattrussell/Documents/Unity/2022.3.5f1/Unity.app/Contents/Tools/UnityShaderCompiler
Launched and connected shader compiler UnityShaderCompiler after 0.10 seconds
Refreshing native plugins compatible for Editor in 3.89 ms, found 2 plugins.
Preloading 0 native plugins for Editor in 0.00 ms.
Unloading 5581 Unused Serialized files (Serialized files now loaded: 0)
Unloading 92 unused Assets / (2.0 MB). Loaded Objects now: 6019.
Memory consumption went from 355.3 MB to 353.2 MB.
Total: 10.367224 ms (FindLiveObjects: 0.567065 ms CreateObjectMapping: 0.721155 ms MarkObjects: 7.526335 ms  DeleteObjects: 1.550994 ms)

AssetImportParameters requested are different than current active one (requested -> active):
  custom:container-demuxer-ogg: 62fdf1f143b41e24485cea50d1cbac27 -> 
  custom:video-decoder-ogg-theora: a1e56fd34408186e4bbccfd4996cb3dc -> 
  custom:CustomObjectIndexerAttribute: 756ad292c208cfabdd7b50bc23989ffe -> 
  custom:container-demuxer-webm: 4f35f7cbe854078d1ac9338744f61a02 -> 
  custom:container-muxer-webm: aa71ff27fc2769a1b78a27578f13a17b -> 
  custom:video-decoder-webm-vp8: 9c59270c3fd7afecdb556c50c9e8de78 -> 
  custom:AudioImporter_EditorPlatform: 3918e3fc78b5a79bad01e8451be0beb8 -> 
  custom:framework-osx-AVFoundation: e770b220cccbd017edd2c1fefb359320 -> 
  custom:video-encoder-webm-vp8: eb34c28f22e8b96e1ab97ce403110664 -> 
  custom:audio-decoder-ogg-vorbis: bf7c407c2cedff20999df2af8eb42d56 -> 
  custom:audio-encoder-webm-vorbis: bf7c407c2cedff20999df2af8eb42d56 -> 
  custom:scripting/precompiled-assembly-types:Unity.Multiplayer.Tools.Common.Tests:  -> e040716b585f36aed401db5352fb8479
  custom:scripting/precompiled-assembly-types:Unity.AI.Navigation:  -> 5d8fa505e3253b9a2a456e2c28a1afb3
  custom:scripting/precompiled-assembly-types:Unity.Postprocessing.Runtime:  -> 0bd3213a2cd67570c1df5038efaa550f
  custom:scripting/monoscript/fileName/AnimationPlayableAsset.cs:  -> 009db08c97e92a2c69986ab256d074e2
  custom:scripting/precompiled-assembly-types:Unity.Multiplayer.Tools.Editor:  -> 204731c7eac0e797e4f50f4bd7b971ac
  custom:scripting/precompiled-assembly-types:Unity.Multiplayer.Tools.Adapters.Ngo1:  -> 4b3f3f488d991ac9a148417ba3aa6292
  custom:scripting/precompiled-assembly-types:Unity.PlasticSCM.Editor:  -> 1ef1cb9af7c7d64bd75bd621bba19cd7
  custom:scripting/precompiled-assembly-types:Unity.Tutorials.Core:  -> 4476ee7f8f3719fed9b29adbeeb9161a
  custom:scripting/precompiled-assembly-types:Unity.RenderPipelines.Core.Runtime:  -> 3596280b37e9b47d45db531f2b4eddb3
  custom:scripting/precompiled-assembly-types:Unity.InputSystem.TestFramework:  -> 7da9e207609223df4f3b483c9cdfa405
  custom:scripting/monoscript/fileName/AnimationTrack.cs:  -> 579258c150686ede8cacf1f75da21715
  custom:scripting/precompiled-assembly-types:Unity.Profiling.Core:  -> a336ccbc8b8eedc26954b35fd863eaec
  custom:scripting/precompiled-assembly-types:Unity.Services.Core:  -> e5c4fecd8d83ed23dfc1ccdfa8dc65ff
  custom:scripting/precompiled-assembly-types:Unity.Postprocessing.Editor:  -> 9cd353287c2e048e6d8e924f4f31eec3
  custom:scripting/precompiled-assembly-types:Unity.ShaderGraph.Utilities:  -> ff3c57e9199d307068abb95ad48511a8
  custom:scripting/precompiled-assembly-types:Unity.Services.Core.Internal:  -> aab5c731eb41d48430906c252d3c85ef
  custom:scripting/precompiled-assembly-types:Unity.ProBuilder:  -> 0dfe203ba4a87de940f28ae56aebc4ee
  custom:scripting/precompiled-assembly-types:Unity.Burst.Editor:  -> 00a554d470201caaa24922f3d5caccd3
  custom:scripting/precompiled-assembly-types:Unity.Multiplayer.Tools.NetworkProfiler.Editor:  -> ca661859313ad53a9592cdb514c49c6e
  custom:scripting/precompiled-assembly-types:Unity.Multiplayer.Tools.MetricTypes.Tests.Editor:  -> e83cfc16e264a88097d174d63d92c00e
  custom:scripting/precompiled-assembly-types:Unity.Burst.CodeGen:  -> 5cfde9c5d2b75b24dad34bd91202f61e
  custom:scripting/precompiled-assembly-types:Unity.Services.Core.Networking:  -> 61bebe50ea392373ad9b763369998b02
  custom:scripting/precompiled-assembly-types:Unity.Services.Core.Telemetry:  -> 2327a34053378ad86c4572c52e4a3499
  custom:scripting/precompiled-assembly-types:Unity.Collections.DocCodeSamples:  -> 23ba9e0c5ef3e46a6ff4f5179d85b4a5
  custom:scripting/precompiled-assembly-types:Unity.Multiplayer.Samples.Utilities.ClientAuthority:  -> c2619b9c3f32af5d4759f3c9a9b459ef
  custom:scripting/precompiled-assembly-types:Unity.Multiplayer.Tools.Common:  -> 834b33283580529291730b1124fedc65
  custom:scripting/precompiled-assembly-types:Unity.Multiplayer.Tools.NetStatsReporting:  -> d656f2ea3d28ea65df4d279a092e52e4
  custom:scripting/precompiled-assembly-types:Unity.Netcode.Editor:  -> 41d3d17fadf51ce016af5fd73a054b57
  custom:scripting/precompiled-assembly-types:Unity.ProBuilder.Editor:  -> f8ca1b5d00bd6ba24270b6b4edfbd482
  custom:scripting/monoscript/fileName/TextMeshPro.cs:  -> 0cfab9de2f927cf0a5e3dc6276498acd
  custom:scripting/precompiled-assembly-types:Unity.ProBuilder.KdTree:  -> 36f520727c18f2cdfef6b21f2282425a
  custom:scripting/precompiled-assembly-types:Unity.2D.Sprite.Editor:  -> e518c3bd7140c8f0580988b4a2c547c8
  custom:scripting/precompiled-assembly-types:Unity.Multiplayer.Tools.NetStatsMonitor.Configuration:  -> 999514322c97f1e37e89344318e0994f
  custom:scripting/precompiled-assembly-types:Unity.Services.QoS:  -> d41084fab11928f26d7b1e6341d20ab4
  custom:scripting/precompiled-assembly-types:Unity.Tutorials.Core.Editor:  -> 319ea2433e8cff1201229b0387f34351
  custom:scripting/precompiled-assembly-types:Unity.Multiplayer.Tools.NetworkSolutionInterface:  -> 2f9c56e1705fc6bf2c64a49af4a02f08
  custom:scripting/precompiled-assembly-types:Unity.InternalAPIEngineBridge.007:  -> 3ed89b7a805fc49b8e72af9ec8ef3ee8
  custom:scripting/precompiled-assembly-types:Unity.Services.Core.Device:  -> 63b48da9c583ff24a0dde69e3097501c
  custom:scripting/precompiled-assembly-types:Unity.Services.Core.Environments.Internal:  -> a94ac62d8b6ab44e5914a671ad4dd355
  custom:scripting/precompiled-assembly-types:Unity.Burst:  -> 93c136649224698e562a960c7d43caf4
  custom:scripting/precompiled-assembly-types:Unity.Netcode.Editor.CodeGen:  -> 1151557e7a8869bb6b91119ce5f9dd4a
  custom:scripting/precompiled-assembly-types:Unity.CollabProxy.Editor:  -> 9fe11a58ab4efabc40e3993980369fc4
  custom:scripting/precompiled-assembly-types:Unity.InputSystem.ForUI:  -> bae848875a35fe96f09fcc9f4e534600
  custom:scripting/precompiled-assembly-types:Unity.Services.Core.Configuration.Editor:  -> 9ec415489f81483910eef61e419cb1d9
  custom:scripting/precompiled-assembly-types:Unity.Timeline.Editor:  -> 534d7c71c4dd9147ea00599cede121e1
  custom:scripting/precompiled-assembly-types:Unity.RenderPipelines.ShaderGraph.ShaderGraphLibrary:  -> 56c2dbf560cf1457ea42e90a7566d0af
  custom:scripting/precompiled-assembly-types:Unity.RenderPipelines.Core.ShaderLibrary:  -> 407a642e27ebc9be6e6d94786d6f1ce2
  custom:scripting/precompiled-assembly-types:Unity.EditorCoroutines.Editor:  -> 939c1390cec4719064bc8982808f80e1
  custom:scripting/precompiled-assembly-types:Unity.Services.Core.Configuration:  -> f7859697b434adc89f377c95a9589d8a
  custom:scripting/precompiled-assembly-types:Unity.Multiplayer.Tools.NetStatsMonitor.Implementation:  -> c89e57cbbd2632101a8829f213a7995f
  custom:scripting/precompiled-assembly-types:Unity.Multiplayer.Tools.NetworkProfiler.Tests.Editor:  -> a5483cdb450afc8bdb9a5da8c57a0493
  custom:scripting/precompiled-assembly-types:Unity.Multiplayer.Tools.Initialization:  -> 83bd330a94015e05d26f5c2ad896ceaa
  custom:scripting/monoscript/fileName/InputSettings.cs:  -> d7ef7947692727d78270eb2592402c03
  custom:scripting/precompiled-assembly-types:Unity.Multiplayer.Tools.NetStatsMonitor.Tests.Implementation:  -> 9ac8f1dcf92d4ba97ec2911f54a60217
  custom:scripting/precompiled-assembly-types:Unity.Collections.BurstCompatibilityGen:  -> d26056d813c945132a21ff9f8750c98e
  custom:scripting/precompiled-assembly-types:Unity.RenderPipelines.Core.Editor:  -> d45e46a3c367b9382b88f973f051ff06
  custom:scripting/precompiled-assembly-types:Unity.Netcode.Runtime:  -> 573a5267f79ccbdde7ef7c612b4bdd2b
  custom:scripting/precompiled-assembly-types:Unity.Multiplayer.Tools.NetStatsMonitor.Editor:  -> d3f213e21b8695c0b4d731db726ab82a
  custom:scripting/precompiled-assembly-types:Unity.InternalAPIEditorBridge.007:  -> 7ae73a726f637d851a11f472ff5e80fb
  custom:scripting/monoscript/fileName/DebugState.cs:  -> 08c6f080780f0e58ab66c0a3e8c209e4
  custom:scripting/precompiled-assembly-types:Unity.Services.Core.Environments:  -> b07b1f8809421d1b72991502cdcbc5ac
  custom:scripting/precompiled-assembly-types:Unity.Multiplayer.Tools.MetricTypes:  -> 4bd9757f616151b3257a103ac42724d3
  custom:scripting/precompiled-assembly-types:Unity.Services.Core.Analytics:  -> 7e90522691a1ed8cc152d6a40d3f03b4
  custom:scripting/precompiled-assembly-types:Unity.ProBuilder.AddOns.Editor:  -> bae848875a35fe96f09fcc9f4e534600
  custom:scripting/precompiled-assembly-types:Unity.ShaderGraph.Editor:  -> e6ab7d369d49698450c7f1ea4bba7f0c
  custom:scripting/precompiled-assembly-types:Unity.Mathematics:  -> eda48956a0bece48f802264722748d9b
  custom:scripting/precompiled-assembly-types:UnityEditor.UI:  -> 6bae215471362000d6dbd3e0ee304a50
  custom:scripting/precompiled-assembly-types:Unity.Multiplayer.Samples.Utilities.RNSM:  -> abef774b2418855d55afe17542137669
  custom:scripting/precompiled-assembly-types:Unity.AI.Navigation.Editor.ConversionSystem:  -> 27c718e5de2659aeeb663e092dc21158
  custom:scripting/precompiled-assembly-types:Unity.Services.Core.Threading:  -> ca5820d3037e7034a063518fa47775e2
  custom:scripting/monoscript/fileName/TimelineAssetViewModel.cs:  -> 18a79fa063972d49f8538ad72ae7e75c
  custom:scripting/precompiled-assembly-types:Unity.AI.Navigation.Editor:  -> 7eaf38f66973fde07200cf372b24130e
  custom:scripting/precompiled-assembly-types:Unity.Services.Authentication.Editor:  -> 627cd9ac4947b986b5b07c9dea23d282
  custom:scripting/precompiled-assembly-types:Unity.Timeline:  -> b058d380530d91aefff3cf869316d3f0
  custom:scripting/precompiled-assembly-types:Unity.Services.Core.Editor:  -> 8981ac297f9ddc02fc2fcfd00c93bb8d
  custom:scripting/precompiled-assembly-types:Unity.Services.Authentication:  -> 3f26f4fa8a1d626988e21e2f303b9a97
  custom:scripting/precompiled-assembly-types:Unity.Searcher.Editor:  -> 6e08cc58a0d3846aad56b26936b9a264
  custom:scripting/precompiled-assembly-types:Unity.AI.Navigation.Updater:  -> d2095ddf03fd615830d6dacf5841450d
  custom:scripting/precompiled-assembly-types:Unity.ProBuilder.Poly2Tri:  -> 712d99785a351e84267ba67b8719d675
  custom:scripting/monoscript/fileName/ProBuilderMesh.cs:  -> 0e6585ddd7e3b7b9ccb3e49898a586dc
  custom:scripting/precompiled-assembly-types:Unity.Services.Core.Registration:  -> 99fa69a778c0bf3287f0547db3bdaed0
  custom:scripting/precompiled-assembly-types:Unity.Multiplayer.Tools.NetStatsMonitor.Component:  -> c9cd6dd7cf76fc9a2502762574871a2e
  custom:scripting/precompiled-assembly-types:Unity.Multiplayer.Tools.MetricEvents:  -> a2fbd0608c60f1ac5790a1fe38ef0202
  custom:scripting/monoscript/fileName/TextMeshProUGUI.cs:  -> b783d06a82b0620f102e3253b4b9fc9b
  custom:scripting/precompiled-assembly-types:UnityEngine.TestRunner:  -> f5758234275f5346968d00e3b1a1c0e4
  custom:scripting/precompiled-assembly-types:Unity.Settings.Editor:  -> beb7650f4acfb920369c4b53d5d1d8a0
  custom:scripting/precompiled-assembly-types:Unity.Multiplayer.Tools.MetricTestData:  -> e234cc6ecc64ee4e8808d01554b9863d
  custom:scripting/precompiled-assembly-types:Unity.Services.Relay:  -> f5d77551bd5aea3eca4e322eea1494c5
  custom:scripting/precompiled-assembly-types:Unity.Multiplayer.Samples.Utilities:  -> b5e3580e74266999b0a47f19a535f90d
  custom:scripting/precompiled-assembly-types:Unity.ProBuilder.AssetIdRemapUtility:  -> 87b1ea8d1f37cf36a287f3719638ffe2
  custom:scripting/precompiled-assembly-types:Unity.InputSystem:  -> 00d83827ea38d3c55423d28ad6990892
  custom:scripting/precompiled-assembly-types:Unity.Multiplayer.Tools.Adapters:  -> 34127f9ce2a3f33bc407f01fdac44954
  custom:scripting/precompiled-assembly-types:ParrelSync:  -> 5026302d02296ed95c724f4cf71da346
  custom:scripting/precompiled-assembly-types:Unity.Services.Core.Environments.Editor:  -> 52bc4d41acabed835fb4de383c0e0544
  custom:scripting/precompiled-assembly-types:Unity.Collections:  -> 3ed35f6c42a4ff122eae303a72eec4b3
  custom:scripting/precompiled-assembly-types:Unity.VSCode.Editor:  -> ce0f8be6c84057ddac8877610b9e6a0a
  custom:scripting/monoscript/fileName/DisplayWindow.cs:  -> 5fbb58f67d9ef9189379b30fc85923ba
  custom:scripting/precompiled-assembly-types:Unity.Netcode.Components:  -> fa76f9f251c482a1c5006c4ff7338774
  custom:scripting/precompiled-assembly-types:Unity.Multiplayer.Tools.NetStats:  -> a4a7a53335e5b086b126d2916c31aa67
  custom:scripting/precompiled-assembly-types:Unity.Networking.Editor:  -> 6dfae86dfc896fca806821222b1407a3
  custom:scripting/precompiled-assembly-types:Unity.Netcode.Editor.PackageChecker:  -> bae848875a35fe96f09fcc9f4e534600
  custom:scripting/precompiled-assembly-types:Unity.Mathematics.Editor:  -> 067e2f26d70b07279a04fc60a0f0bbd6
  custom:scripting/precompiled-assembly-types:UnityEngine.UI:  -> 11fc11eca26c739988825e6ce166e368
  custom:scripting/precompiled-assembly-types:Unity.Multiplayer.Tools.NetStatsMonitor.Tests.Interface:  -> 8f9858139c5a1921295777c7ecd32b5c
  custom:scripting/precompiled-assembly-types:Unity.Networking.Transport:  -> 5227b3212ac4091fb37aabe7f144c4a2
  custom:scripting/monoscript/fileName/TimelineAsset.cs:  -> 922c4504d3900c9d0f1009b93072bf15
  custom:scripting/precompiled-assembly-types:Unity.TextMeshPro.Editor:  -> 46ffe279a7239cd1fb74eb9c5ab5b5d8
  custom:scripting/precompiled-assembly-types:Unity.ProBuilder.Stl:  -> 32aaa5f5196c5e2a0385ea136505a003
  custom:scripting/precompiled-assembly-types:Unity.VisualStudio.Editor:  -> 618757cf30519ffd6b4e9dd9b6123f8c
  custom:scripting/monoscript/fileName/ProbeVolume.cs:  -> c5dff5f16b984bc7f85121a44a60e634
  custom:scripting/precompiled-assembly-types:Unity.Multiplayer.Tools.NetStats.CodeGen:  -> 9b35738bf74ac4b364af36d19e72b89b
  custom:scripting/monoscript/fileName/TrackAsset.cs:  -> 05c366eb01e12385210cbb2c784bc95b
  custom:scripting/precompiled-assembly-types:Unity.Multiplayer.Tools.Tests.Editor:  -> 34c61cb3ab91fd5820c1c3d215aeb115
  custom:scripting/precompiled-assembly-types:Unity.Multiplayer.Tools.NetworkSolutionInterface.Tests.Editor:  -> a1ba4ebc165e0ae12595f0720ece82f7
  custom:scripting/precompiled-assembly-types:Unity.ProBuilder.Csg:  -> 8f3450ed62b5a660b55b67012b17a974
  custom:scripting/precompiled-assembly-types:Unity.TextMeshPro:  -> 59230975e8163396a463bd906828ec67
  custom:scripting/precompiled-assembly-types:UnityEditor.TestRunner:  -> 1b08a5e3d69264f3b8177a3e839577fe
  custom:scripting/monoscript/fileName/TimelineWindow.cs:  -> 1ecae22b1c6d42e0f96084d9a8d5699a
  custom:scripting/precompiled-assembly-types:Unity.Services.Core.Scheduler:  -> c5a24b90c03f14c29ba6bebda52c3c14
  custom:scripting/precompiled-assembly-types:Unity.Multiplayer.Tools.NetworkProfiler.Runtime:  -> 4136761e351af744b22899325290ef27
  custom:scripting/precompiled-assembly-types:Unity.Multiplayer.Tools.NetStats.Tests.Editor:  -> d1a466c26a2a49492b19d621edbc2f19
  custom:scripting/precompiled-assembly-types:Unity.Rider.Editor:  -> f56d86ce217b46f146a2554377578f31
  custom:scripting/monoscript/fileName/VolumeComponent.cs:  -> 0ce2900bf4b52691e991c42d8d280291
========================================================================
Received Import Request.
  Time since last request: 198073.156975 seconds.
  path: Assets/Baby/babyaba.fbx
  artifactKey: Guid(f712eacc8df8b4b129f09f5098bac0fb) Importer(815301076,1909f56bfc062723c751e8b465ee728b)
Start importing Assets/Baby/babyaba.fbx using Guid(f712eacc8df8b4b129f09f5098bac0fb) Importer(815301076,1909f56bfc062723c751e8b465ee728b)  -> (artifact id: '95c59459d3deab1473af476b2a96b7bf') in 1.581309 seconds
Number of updated asset objects reloaded before import = 0
Number of asset objects unloaded after import = 175
========================================================================
Received Import Request.
  Time since last request: 4.214374 seconds.
  path: Assets/Prefabs/Boundary.prefab
  artifactKey: Guid(3910223311c654cbd83819b1d05d0854) Importer(815301076,1909f56bfc062723c751e8b465ee728b)
Start importing Assets/Prefabs/Boundary.prefab using Guid(3910223311c654cbd83819b1d05d0854) Importer(815301076,1909f56bfc062723c751e8b465ee728b)  -> (artifact id: '00c6b4aebb516b7f562b6b0fa4bf23df') in 0.007950 seconds
Number of updated asset objects reloaded before import = 0
Number of asset objects unloaded after import = 7
========================================================================
Received Import Request.
  Time since last request: 0.000065 seconds.
  path: Assets/Prefabs/Player.prefab
  artifactKey: Guid(52fbc8891eb334e4d8b78d414428846b) Importer(815301076,1909f56bfc062723c751e8b465ee728b)
Start importing Assets/Prefabs/Player.prefab using Guid(52fbc8891eb334e4d8b78d414428846b) Importer(815301076,1909f56bfc062723c751e8b465ee728b)  -> (artifact id: 'a1def04d406e2a87327e7d420527b031') in 0.082196 seconds
Internal: There are remaining Allocations on the JobTempAlloc. This is a leak, and will impact performance
To Debug, run app with -diag-job-temp-memory-leak-validation cmd line argument. This will output the callstacks of the leaked allocations.
Number of updated asset objects reloaded before import = 0
Number of asset objects unloaded after import = 425
========================================================================
Received Import Request.
  Time since last request: 0.000061 seconds.
  path: Assets/Prefabs/DadTest.prefab
  artifactKey: Guid(fc8486f14e4254c7da4cf9f1ef37a4d3) Importer(815301076,1909f56bfc062723c751e8b465ee728b)
Start importing Assets/Prefabs/DadTest.prefab using Guid(fc8486f14e4254c7da4cf9f1ef37a4d3) Importer(815301076,1909f56bfc062723c751e8b465ee728b)  -> (artifact id: '715d688155b784bc5247c2c5f7e8759d') in 0.284371 seconds
Internal: There are remaining Allocations on the JobTempAlloc. This is a leak, and will impact performance
To Debug, run app with -diag-job-temp-memory-leak-validation cmd line argument. This will output the callstacks of the leaked allocations.
Number of updated asset objects reloaded before import = 0
Number of asset objects unloaded after import = 348
========================================================================
Received Import Request.
  Time since last request: 0.000065 seconds.
  path: Assets/Prefabs/Player 1.prefab
  artifactKey: Guid(24844dfd33506458a973d6237c0fc911) Importer(815301076,1909f56bfc062723c751e8b465ee728b)
Start importing Assets/Prefabs/Player 1.prefab using Guid(24844dfd33506458a973d6237c0fc911) Importer(815301076,1909f56bfc062723c751e8b465ee728b)  -> (artifact id: '505b12d186162fdef93829e3939f9a37') in 0.057427 seconds
Internal: There are remaining Allocations on the JobTempAlloc. This is a leak, and will impact performance
To Debug, run app with -diag-job-temp-memory-leak-validation cmd line argument. This will output the callstacks of the leaked allocations.
Number of updated asset objects reloaded before import = 0
Number of asset objects unloaded after import = 417
========================================================================
Received Import Request.
  Time since last request: 0.000050 seconds.
  path: Assets/Prefabs/PlayerName.prefab
  artifactKey: Guid(57899bd08c16e41cd877721238781a82) Importer(815301076,1909f56bfc062723c751e8b465ee728b)
Start importing Assets/Prefabs/PlayerName.prefab using Guid(57899bd08c16e41cd877721238781a82) Importer(815301076,1909f56bfc062723c751e8b465ee728b)  -> (artifact id: 'ad4c9d7a0390ec66438b8e1b3bb913ee') in 0.004455 seconds
Internal: There are remaining Allocations on the JobTempAlloc. This is a leak, and will impact performance
To Debug, run app with -diag-job-temp-memory-leak-validation cmd line argument. This will output the callstacks of the leaked allocations.
Number of updated asset objects reloaded before import = 0
Number of asset objects unloaded after import = 11
========================================================================
Received Import Request.
  Time since last request: 0.000058 seconds.
  path: Assets/Prefabs/NetworkPrefabsList.asset
  artifactKey: Guid(60dab35dbfd8340a48944d9bb216f78b) Importer(815301076,1909f56bfc062723c751e8b465ee728b)
Start importing Assets/Prefabs/NetworkPrefabsList.asset using Guid(60dab35dbfd8340a48944d9bb216f78b) Importer(815301076,1909f56bfc062723c751e8b465ee728b)  -> (artifact id: '01444204bea91917eebab54d8278d31f') in 0.009397 seconds
Internal: There are remaining Allocations on the JobTempAlloc. This is a leak, and will impact performance
To Debug, run app with -diag-job-temp-memory-leak-validation cmd line argument. This will output the callstacks of the leaked allocations.
Number of updated asset objects reloaded before import = 0
Number of asset objects unloaded after import = 405
========================================================================
Received Prepare
Begin MonoManager ReloadAssembly
Internal: deleting an allocation that is older than its permitted lifetime of 4 frames (age = 5)
Internal: deleting an allocation that is older than its permitted lifetime of 4 frames (age = 5)
Symbol file LoadedFromMemory is not a mono symbol file
- Loaded All Assemblies, in  1.189 seconds
Refreshing native plugins compatible for Editor in 2.50 ms, found 2 plugins.
Native extension for OSXStandalone target not found
Mono: successfully reloaded assembly
- Finished resetting the current domain, in  1.882 seconds
Domain Reload Profiling: 3071ms
	BeginReloadAssembly (258ms)
		ExecutionOrderSort (0ms)
		DisableScriptedObjects (7ms)
		BackupInstance (0ms)
		ReleaseScriptingObjects (0ms)
		CreateAndSetChildDomain (122ms)
	RebuildCommonClasses (56ms)
	RebuildNativeTypeToScriptingClass (18ms)
	initialDomainReloadingComplete (40ms)
	LoadAllAssembliesAndSetupDomain (817ms)
		LoadAssemblies (427ms)
		RebuildTransferFunctionScriptingTraits (0ms)
		AnalyzeDomain (465ms)
			TypeCache.Refresh (457ms)
				TypeCache.ScanAssembly (419ms)
			ScanForSourceGeneratedMonoScriptInfo (0ms)
			ResolveRequiredComponents (8ms)
	FinalizeReload (1883ms)
		ReleaseScriptCaches (0ms)
		RebuildScriptCaches (0ms)
		SetupLoadedEditorAssemblies (637ms)
			LogAssemblyErrors (0ms)
			InitializePlatformSupportModulesInManaged (5ms)
			SetLoadedEditorAssemblies (6ms)
			RefreshPlugins (0ms)
			BeforeProcessingInitializeOnLoad (105ms)
			ProcessInitializeOnLoadAttributes (418ms)
			ProcessInitializeOnLoadMethodAttributes (102ms)
			AfterProcessingInitializeOnLoad (1ms)
			EditorAssembliesLoaded (0ms)
		ExecutionOrderSort2 (0ms)
		AwakeInstancesAfterBackupRestoration (5ms)
Refreshing native plugins compatible for Editor in 3.60 ms, found 2 plugins.
Preloading 0 native plugins for Editor in 0.00 ms.
Unloading 5474 Unused Serialized files (Serialized files now loaded: 0)
Unloading 68 unused Assets / (2.0 MB). Loaded Objects now: 6040.
Memory consumption went from 339.6 MB to 337.6 MB.
Total: 8.937119 ms (FindLiveObjects: 0.553822 ms CreateObjectMapping: 0.727254 ms MarkObjects: 6.477586 ms  DeleteObjects: 1.176766 ms)

Prepare: number of updated asset objects reloaded= 0
AssetImportParameters requested are different than current active one (requested -> active):
  custom:container-demuxer-ogg: 62fdf1f143b41e24485cea50d1cbac27 -> 
  custom:video-decoder-ogg-theora: a1e56fd34408186e4bbccfd4996cb3dc -> 
  custom:CustomObjectIndexerAttribute: 756ad292c208cfabdd7b50bc23989ffe -> 
  custom:container-demuxer-webm: 4f35f7cbe854078d1ac9338744f61a02 -> 
  custom:container-muxer-webm: aa71ff27fc2769a1b78a27578f13a17b -> 
  custom:video-decoder-webm-vp8: 9c59270c3fd7afecdb556c50c9e8de78 -> 
  custom:AudioImporter_EditorPlatform: 3918e3fc78b5a79bad01e8451be0beb8 -> 
  custom:framework-osx-AVFoundation: e770b220cccbd017edd2c1fefb359320 -> 
  custom:video-encoder-webm-vp8: eb34c28f22e8b96e1ab97ce403110664 -> 
  custom:audio-decoder-ogg-vorbis: bf7c407c2cedff20999df2af8eb42d56 -> 
  custom:audio-encoder-webm-vorbis: bf7c407c2cedff20999df2af8eb42d56 -> 
Editor requested this worker to shutdown with reason: Scaling down because of idle timeout
TcpMessagingSession - receive error: operation aborted. errorcode: 89, details: Operation aborted.
AssetImportWorker is now disconnected from the server
Process exiting
